===================================== 
AndreyevMW
Выше 3 не поставлю! Делает сэлфи на каждой лекции. Клонит в сон от его храпа. В среду опоздание на 4 минуты; 
===================================== 
AnasenkoBI
Делает сэлфи на каждой лекции. Делает вид, что все понимает. Болеет за Спартак... Смешная фамилия) Боится меня( Левша. Все время сидит в телефоне. 
===================================== 
AnasenkoII
Делает вид, что все понимает. 
===================================== 
AminevXL
Делает сэлфи на каждой лекции. Сидит в одноклассниках.. поставил мне класс! Характер не нордический. Сидит в одноклассниках.. поставил мне класс! Делает сэлфи на каждой лекции. Знаний никаких. 
===================================== 
AnanyevSL
Болеет за Спартак... 
===================================== 
AbramovBJ
Подлизывается, это можно использовать! Сидит в одноклассниках.. поставил мне класс! Студент вялый... Не здоровается. Левша. 
===================================== 
AbramenkoSemV
Тихий голос. Левша. На тройку знает, молодец! Записывает все, что я говорю... Болеет за Спартак... Делает сэлфи на каждой лекции. Знаний больше, чем на 2, но меньше, чем на 3!? В среду опоздание на 4 минуты; Знаний больше, чем на 2, но меньше, чем на 3!? Характер не нордический. 
===================================== 
AxenovAD
В среду опоздание на 4 минуты; Фотографическая память, но к сожалению только на лица^^. Не здоровается. Все время сидит в телефоне. 
===================================== 
AndreevNI
Вообще не понимает, что происходит. Иногда опаздывает, иногда приходит раньше. 
===================================== 
ArslanovRI
Фотографическая память, но к сожалению только на лица^^. 
===================================== 
AstrakhantsYA
Делает сэлфи на каждой лекции. 
===================================== 
AvilovDS
Утверждает, что звонок не для учителя.  Все время сидит в телефоне. Рисует на парах схемы Понци. Болеет за Спартак... Студент вялый... 
===================================== 
AlayevMA
Шуршит в микрофон! Гипоактивный... Вообще не понимает, что происходит. Утверждает, что звонок не для учителя.  Веган и сыроед. Болеет за Спартак... Сидит в одноклассниках.. поставил мне класс!
===================================== 
AlexeevaYD
Гиперактивный... На тройку знает, молодец! Не здоровается. Делает вид, что все понимает. Утверждает, что звонок не для учителя.  Знаний больше, чем на 2, но меньше, чем на 3!? 
===================================== 
AltuyevaAB
Хорошо делает вид, что что-то понимает.3 сентября пошутил про 3 сентября. Не здоровается. Записывает голосовые в чат. Что-то бормочет. Ничего не записывает.Делает сэлфи на каждой лекции. Мой бакалавр... мда... Спит на лекциях, просыпается в перерывах. 
===================================== 
AkramovBS
Все время сидит в телефоне. Спит на лекциях! Путает head и tail.  Знаний больше, чем на 2, но меньше, чем на 3!? Не может выйти из vim. Заплевал потолок. Не может выйти из vim. 
===================================== 
AfoninASer
Спит на лекциях, просыпается в перерывах. Не прощается после онлайн занятия. Хорошо делает вид, что что-то понимает.Выше 3 не поставлю! Что-то бормочет. Тихий голос. Веган. Напоминает об этом на каждой лекции. Ок. 
===================================== 
AyupovYR
Делает вид, что все понимает. Утверждает, что звонок не для учителя.  Знаний больше, чем на 2, но меньше, чем на 3!? Выше 3 не поставлю! Сидит в одноклассниках, поставил мне двойку.17 сентября опоздание на 5 минут; Не прощается после онлайн занятия. Записывает голосовые в чат. 
===================================== 
AslanovAF
Все время сидит в телефоне. Сидит в одноклассниках.. поставил мне класс! Не видел его ни на одной лабораторной. Сказал Linux без GNU. 
===================================== 
ArkhipovDanG
Путает head и tail. Тихий голос. Постит в чат баяны. Хорошо списывает! Хорошо делает вид, что что-то понимает. Очень много воды в отчетах! Печатает translitom!
===================================== 
AristarkhovDN
Тихий голос. Все время пьет кофе. Не отличает Java и Javascript. В пятницу опоздание на 2 минуты; Говорит Ява вместо Джава. 
