===================================== 
ChelomtsevLQ
Не здоровается. 
===================================== 
ChervyakovCO
Делает вид, что все понимает. Все время сидит в телефоне. Студент вялый... 
===================================== 
ChelomtsevKY
Характер не нордический. Записывает все, что я говорю... На тройку знает, молодец! Спит на лекциях! Знаний никаких. Знаний больше, чем на 2, но меньше, чем на 3!? 
===================================== 
ChemerisGB
Не здоровается. Не здоровается. Выше 3 не поставлю! Подлизывается, это можно использовать! Подлизывается, это можно использовать! Знаний никаких. 
===================================== 
ChervyakovVH
Все время сидит в телефоне. Постоянно выходит разговаривать с тещей! Подлизывается, это можно использовать! Знаний больше, чем на 2, но меньше, чем на 3!? Шуршит! Студент вялый... Очень хорошо списывает! Делает вид, что все понимает. Спит на лекциях! Студент вялый... 
===================================== 
ChervyakovAA
Постоянно выходит разговаривать с тещей! Шуршит! Ничего не записывает. 
===================================== 
ChemerisAF
Шуршит! Фотографическая память, но к сожалению только на лица^^. Клонит в сон от его храпа. Выше 3 не поставлю! Записывает все, что я говорю... Сидит в одноклассниках.. поставил мне класс! Все время сидит в телефоне. 
===================================== 
CherenchikovJH
Выше 3 не поставлю! 
===================================== 
ChepurinIP
Все время сидит в телефоне. 
===================================== 
ChertokND
17 сентября опоздание на 5 минут; Не здоровается. Клонит в сон от его храпа. 17 сентября опоздание на 5 минут; Фотографическая память, но к сожалению только на лица^^. Боится меня( Шуршит! Больше не боится меня( Стримил Ведьмака прямо на лекции. Записывает все, что я говорю... 
===================================== 
ChincharovPC
Постоянно выходит разговаривать по телефону! Пропустил лекцию про Ajax. Ничего не записывает. Вэйпит на лекциях! Не здоровается. Сидит в одноклассниках, поставил мне двойку.
===================================== 
ChakolyadenisE
Сидит в одноклассниках.. поставил мне класс! Вообще не понимает, что происходит. Утверждает, что звонок не для учителя.  Мой бакалавр... мда... Во время лекций во что-то играет на втором мониторе.
===================================== 
CherkashinaAM
В среду опоздание на 4 минуты; Спит на лекциях, просыпается в перерывах.Постит в чат стикеры. Вэйпит на лекции! Все время сидит в телефоне. Низкий голос. Но высокий рост.Не поздравил с днем учителя. Вообще не понимает, что происходит. Говорит Питон вместо Пайтон. 
===================================== 
ChernyshovDM
17 сентября опоздание на 5 минут; Знаний больше, чем на 2, но меньше, чем на 3! Сидит в Одноклассниках. Поставил мне двойку. Гипоактивный...Постит в чат баяны! 
===================================== 
ChesnokovDY
Создает merge конфликты. Не понимает регулярные выражения. ПЕЧАТАЕТ КАПСОМ. Говорит Питон вместо Пайтон. Не может выйти из vim.
===================================== 
CherniukYS
Вообще не понимает, что происходит. В среду опоздание на 4 минуты; Знаний больше, чем на 2, но меньше, чем на 3! Не экранирует специальные символы. 
===================================== 
ChevkinKD
Плоскоземельщик. Постит в чат баяны. Делает вид, что все понимает. Некорректно использует * в сообщениях. Говорит Ява вместо Джава.
===================================== 
ChunayevAM
Выше 3 не поставлю! Постоянно просит скинуть лекции.  Клонит в сон от его вопросов. Не знает, что такое NullPointer. Записывает голосовые в чат. 
