===================================== 
FetisovA
Характер не нордический. Выше 3 не поставлю! Постоянно выходит разговаривать с тещей! Иногда опаздывает, иногда приходит раньше. В среду опоздание на 4 минуты; Болеет за Спартак... 
===================================== 
FedorovSP
Левша. В среду опоздание на 4 минуты; Мой бакалавр... мда... Все время сидит в телефоне. Характер не нордический. Шуршит! Тихий голос. Боится меня( Выше 3 не поставлю! Сидит в одноклассниках.. поставил мне класс! 
===================================== 
FedorovIlV
В среду опоздание на 4 минуты; Все время спит в телефоне. Ходит на пары с дорожной подушкой. Что-то бормочет. Сидит за последней партой. Иногда опаздывает, иногда приходит раньше. 
===================================== 
FrolovSerAl
Смешная фамилия) Левша. Иногда опаздывает, иногда приходит раньше. Вообще не понимает, что происходит. 3 сентября пошутил про 3 сентября. Хорошо делает вид, что что-то понимает. Утверждает, что звонок не для учителя. Предпочитаю не спорить...
===================================== 
FrantsuzovaDA
Ничего не записывает. Печатает КАПСОМ. Вообще не понимает, что происходит. 3 сентября пошутила про 3 сентября. Постит в чат баяны. Не донатит на онлайн занятия. 
===================================== 
FurtayevIV
Не поздравил с днем учителя. Анимэшник. Записывает все, что я говорю... Постит в чат стикеры. Создает merge конфликты. Знаний больше, чем на 2, но меньше, чем на 3! Слабая подача. Ничего не записывает.
===================================== 
FilippovDS
Не помню, как выглядит. Спит на лекциях, просыпается в перерывах. Путает head и tail. Вообще не понимает, что происходит. Не понимает регулярные выражения.
