===================================== 
IvakinSI
Выше 3 не поставлю! Подлизывается, это можно использовать! Знаний никаких. Фотографическая память, но к сожалению только на лица^^. 
===================================== 
IvanovMK
Знаний больше, чем на 2, но меньше, чем на 3!? Болеет за Спартак... Характер не нордический. Все время сидит в телефоне. Делает вид, что все понимает. Тихий голос. Ничего не записывает. Иногда опаздывает, иногда приходит раньше. 
===================================== 
IbragimovWM
Студент вялый... Смешная фамилия) Знаний больше, чем на 2, но меньше, чем на 3!? Все время сидит в телефоне. Фотографическая память, но к сожалению только на лица^^. Очень хорошо списывает! Постоянно выходит разговаривать с тещей! Знаний больше, чем на 2, но меньше, чем на 3!? Постоянно выходит разговаривать с тещей! 
===================================== 
IvazovaLZ
Иногда опаздывает, иногда приходит раньше. Тихий голос. Смешная фамилия) 
===================================== 
IvashinBE
Спит на лекциях! Знаний больше, чем на 2, но меньше, чем на 3!? Ничего не записывает. В среду опоздание на 4 минуты; Иногда опаздывает, иногда приходит раньше. Характер не нордический. 17 сентября опоздание на 5 минут; 
===================================== 
IvankovED
Иногда опаздывает, иногда приходит раньше. Характер не нордический. Мой бакалавр... мда... Знаний больше, чем на 2, но меньше, чем на 3!? Знаний никаких. Очень хорошо списывает! 
===================================== 
IvanovMX
Боится меня( Делает вид, что все понимает. Записывает все, что я говорю... Тихий голос. Мой бакалавр... мда... Подлизывается, это можно использовать! 
===================================== 
IvashinXS
Левша. Не здоровается. 17 сентября опоздание на 5 минут; Тихий голос. Мой бакалавр... мда... Делает вид, что все понимает. Тихий голос. Все время сидит в телефоне. Сидит в одноклассниках.. поставил мне класс! Клонит в сон от его храпа. 
===================================== 
IvazovaCC
Болеет за Спартак... Клонит в сон от его храпа. Все время сидит в телефоне. Фотографическая память, но к сожалению только на лица^^. Боится меня( Сидит в одноклассниках.. поставил мне класс! Спит на лекциях! Спит на лекциях! Сидит в одноклассниках.. поставил мне класс! Смешная фамилия) 
===================================== 
IliasovAS
17 сентября опоздание на 5 минут; Делает сэлфи на каждой лекции. Левша. Мой бакалавр... мда... На лекции качал фильмы по общеуниверситетскому wifi. На тройку знает, молодец! Смешная фамилия) Все время сидит в телефоне. 
===================================== 
IgnatovYM
Путает head и tail. Сидит в одноклассниках.. поставил мне двойку! Низкий голос. Но высокий рост. Иногда опаздывает, иногда приходит раньше. Что-то бормочет. Записывает голосовые в чат. Странные фотографии в инстаграмме. Веган! Говорит, что под Linux нет игр.
===================================== 
IlinVVl
Выше 3 не поставлю! Сказал Linux без GNU. Левша. Сказал Linux без GNU. Вообще не понимает, что происходит. Постоянно пьет кофе. Постит в чат стикеры. 
===================================== 
ItskovichSA
Не может выйти из vim. Низкий голос. Но высокий рост.Делает вид, что все понимает. Веган. Напоминает об этом на каждой лекции. Ок. Вэйпит на лекции! Иногда опаздывает, иногда приходит раньше. 
===================================== 
IvanovAlYev
Вообще не понимает, что происходит. Говорит Кресты вместо C++. Что-то бормочет. В среду опоздание на 4 минуты; 
===================================== 
IsmagilovaXY
Не здоровается. Ничего не записывает. Не помню, как выглядит. Не видел ни на одной лабораторной. Создает merge конфликты.
===================================== 
IsmailovaAD
Говорит Питон вместо Пайтон! Печатает translitom! 17 сентября опоздание на 5 минут; Постоянно просит скинуть лекции. Путает head и tail.
===================================== 
IsmailovTAid
Говорит Кресты вместо C++. Не может выйти из vim. Не знает, что такое StackOverflow. Знаний больше, чем на 2, но меньше, чем на 3! Знаний никаких. Постит в чат баяны. 
