===================================== 
LoginovA
Подлизывается, это можно использовать! Боится меня( Мой бакалавр... мда... 17 сентября опоздание на 5 минут; Мой бакалавр... мда... В среду опоздание на 4 минуты; Левша. 
===================================== 
LokoyanovaE
Ничего не записывает. Не здоровается. Знаний больше, чем на 2, но меньше, чем на 3!? Боится меня( 
===================================== 
LipovFO
Фотографическая память, но к сожалению только на лица^^. Боится меня( Знаний больше, чем на 2, но меньше, чем на 3!? Знаний никаких. Делает вид, что все понимает. Постоянно выходит разговаривать с тещей! Боится меня( Записывает все, что я говорю... Знаний больше, чем на 2, но меньше, чем на 3!? Все время сидит в телефоне. 
===================================== 
LoginovVZ
Шуршит! Тихий голос. Сидит в одноклассниках.. поставил мне класс! Сидит в одноклассниках.. поставил мне класс! 
===================================== 
LipovIW
Постоянно выходит разговаривать с тещей! Выше 3 не поставлю! Студент вялый... Иногда опаздывает, иногда приходит раньше. 
===================================== 
LisitsynID
Записывает все, что я говорю... На тройку знает, молодец! Делает сэлфи на каждой лекции. Делает сэлфи на каждой лекции. Спит на лекциях! 17 сентября опоздание на 5 минут; Смешная фамилия) 
===================================== 
LipovFQ
Знаний больше, чем на 2, но меньше, чем на 3!? Не здоровается. Студент вялый... Подлизывается, это можно использовать! Мой бакалавр... мда... 
===================================== 
LilovFX
Болеет за Спартак... Делает сэлфи на каждой лекции. Клонит в сон от его храпа. Постоянно выходит разговаривать с тещей! Записывает все, что я говорю... Подлизывается, это можно использовать! Болеет за Спартак... Студент вялый... Знаний никаких. 17 сентября опоздание на 5 минут; 
===================================== 
LidinaSM
Все время сидит в телефоне. Очень хорошо списывает! Подлизывается, это можно использовать! Фотографическая память, но к сожалению только на лица^^. Характер не нордический. 
===================================== 
LidinaJD
Ничего не записывает. 
===================================== 
LoginovDE
Очень хорошо списывает! Боится меня( Постоянно выходит разговаривать с тещей! Сидит в одноклассниках.. поставил мне класс! Иногда опаздывает, иногда приходит раньше. Сидит в одноклассниках.. поставил мне класс! Клонит в сон от его храпа. На тройку знает, молодец! Сидит в одноклассниках.. поставил мне класс! 
===================================== 
LitvinovJG
Шуршит! 
===================================== 
LoginovQD
Клонит в сон от его храпа. 17 сентября опоздание на 5 минут; Очень хорошо списывает! Спит на лекциях! В среду опоздание на 4 минуты; 
===================================== 
LitvinovTA
Шуршит! 
===================================== 
LipovWO
Левша. Смешная фамилия) 
===================================== 
LisitsynRT
Делает вид, что все понимает. Болеет за Спартак... Студент вялый... Записывает все, что я говорю... 
===================================== 
LipovDC
Мой бакалавр... мда... Делает вид, что все понимает. Студент вялый... В среду опоздание на 4 минуты; Тихий голос. Выше 3 не поставлю! Сидит в одноклассниках.. поставил мне класс! В среду опоздание на 4 минуты; Клонит в сон от его храпа. Клонит в сон от его храпа. 
===================================== 
LimonovAR
В среду опоздание на 4 минуты; Не здоровается. Подлизывается, это можно использовать! Клонит в сон от его храпа. Характер не нордический. 
===================================== 
LidinaTJ
Записывает все, что я говорю... 
===================================== 
LitvinovTP
Выше 3 не поставлю! Сидит в одноклассниках.. поставил мне класс! Очень хорошо списывает! Левша. Все время сидит в телефоне. 17 сентября опоздание на 5 минут; 
===================================== 
LisovGO
Спит на лекциях! Делает сэлфи на каждой лекции. Фотографическая память, но к сожалению только на лица^^. Боится меня( 
===================================== 
LimonovJM
Делает вид, что все понимает. Все время сидит в телефоне. Подлизывается, это можно использовать! 
===================================== 
LipinGB
На тройку знает, молодец! Постоянно выходит разговаривать с тещей! Очень хорошо списывает! Клонит в сон от его храпа. Левша. Мой бакалавр... мда... Записывает все, что я говорю... Шуршит! Все время сидит в телефоне. Записывает все, что я говорю... 
===================================== 
LaukhinVS
17 сентября опоздание на 5 минут; Постоянно выходит разговаривать с агентом об изменениях в сценарии! Болеет за Спартак... Фотографическая память, но к сожалению только на лица^^. Тихий голос. Клонит в сон от его храпа. Ничего не записывает. 
===================================== 
LevchenkoPV
Мой бакалавр... мда... Сделала со мной сэлфи. Не здоровается.
===================================== 
LebedevAlD
Веган! Вялый. В среду опоздание на 4 минуты; Спит на лекциях, просыпается в перерывах. Сидит в одноклассниках.. поставил мне двойку! Не ставит лайки в инстаграмме. 3 сентября пошутил про 3 сентября. Минус балл на экзамене.
===================================== 
LikhanovaYY
Минус балл на экзамене. Утверждает, что звонок не для учителя.  3 сентября пошутил про 3 сентября. Сказал Linux без GNU. Постит в чат баяны. Вообще не понимает, что происходит. ПЕЧАТАЕТ КАПСОМ. 
===================================== 
LabanovaMS
Постит в чат стикеры. Высокий голос. Но высокий рост. Хорошо делает вид, что что-то понимает. Все время пьет кофе. Сидит в одноклассниках, поставила мне класс. Что-то бормочет. Говорит Питон вместо Пайтон. -10 очков девятой группе.
===================================== 
LarinNikA
ПЕЧАТАЕТ КАПСОМ. На тройку знает, молодец! 4 сентября пошутил про 3 сентября. Не видел его ни на одной лабораторной. Сидит в одноклассниках, поставил мне двойку. Минус балл на экзамене.
===================================== 
LevkhovDY
Постоянно просит скинуть лекции. Спит на лекциях. Сидит с ногами на столе. Записывает все, что я говорю... Знаний никаких. Не может выйти из vim. Абьюзит команду cat.
===================================== 
LoykoSI
Хорошо делает вид, что что-то понимает. Дает нецензурные названия переменным. Не знает, как расшифровывается awk. Не понимает регулярные выражения.
