===================================== 
YemelyanovD
Смешная фамилия) Дает нецензурные названия переменным. Не здоровается.  Не помню, как выглядит. Зависает на лекциях. Постит в чат баяны. Некорректно использует * в сообщениях. Плюс один доп балл первому, кто дочитает.
===================================== 
YeleshevVC
Фотографическая память, но к сожалению только на лица^^. Левша. 
===================================== 
YeliseyevvWT
Шуршит! Смешная фамилия) Клонит в сон от его храпа. Смешная фамилия) 
===================================== 
YelizarovUT
Подлизывается, это можно использовать! Знаний никаких. Смешная фамилия) Болеет за Спартак... 
===================================== 
YermakovAlS
В среду опоздание на 4 минуты; На тройку знает, молодец! Спит на лекциях! Пытался разобрать компьюьтер в аудитории Е-409! 17 сентября опоздание на 5 минут; Ничего не записывает. Не здоровается. 
===================================== 
YegiazarianYV
Левша. Клонит в сон от его храпа. Выше 3 не поставлю! Делает сэлфи на каждой лекции. Все время сидит в телефоне. Студент вялый... В среду опоздание на 4 минуты; Знаний больше, чем на 2, но меньше, чем на 3!? Что-то видит на потолке...
===================================== 
YeremeevArD
Клонит в сон от его храпа. Вообще не понимает, что происходит. Тихий голос. Заплевал потолок. Плохое качество видеосвязи. Минус балл на экзамене. Выше 3 не поставлю!
===================================== 
YasnyKS
Сидит в одноклассниках.. поставил мне двойку! Клонит в сон от его храпа. Не поздравил с днем учителя. Минус балл на экзамене. Заплевал потолок. Делает вид, что все понимает. 
===================================== 
YeremeevArD
Гипоактивный...Постоянно выходит разговаривать с тещей! Спит на лекциях, просыпается в перерывах.Утверждает, что звонок не для учителя.  Веган!Все время сидит в телефоне. Веган. Напоминает об этом на каждой лекции. Ок. Спит на лекциях! Постит в чат стикеры. 
===================================== 
YankinMI
3 сентября пошутил про 3 сентября. Клонит в сон от его вопросов. Студент вялый... 4 сентября пошутил про 3 сентября. Не дает списывать. Празднует октябрь. Сказал Linux без GNU. 
===================================== 
YerofeevNA
Хорошо делает вид, что что-то понимает. Ходит с новым Макбуком. Создает merge конфликты. Не поздравил с днем учителя. Постит в чат баяны. 
